0 info it worked if it ends with ok
1 verbose cli [ '/media/sda7/IOT/nodejs-v0.12.7/bin/node',
1 verbose cli   '/media/sda7/IOT/nodejs-v0.12.7/bin/npm',
1 verbose cli   'install',
1 verbose cli   '-g' ]
2 info using npm@2.11.3
3 info using node@v0.12.7
4 verbose install initial load of /media/sda7/IOT/nodejs-v0.12.7/lib/package.json
5 verbose readDependencies loading dependencies from /media/sda7/IOT/nodejs-v0.12.7/lib/package.json
6 silly cache add args [ '.', null ]
7 verbose cache add spec .
8 silly cache add parsed spec { raw: '.',
8 silly cache add   scope: null,
8 silly cache add   name: null,
8 silly cache add   rawSpec: '.',
8 silly cache add   spec: '/media/sda7/IOT/my-nodes/node-red-contrib-canbus',
8 silly cache add   type: 'directory' }
9 verbose addLocalDirectory /media/sda7/IOT/my-nodes/node-red-contrib-canbus/.npm/node-red-contrib-canbus/0.0.1/package.tgz not in flight; packing
10 verbose tar pack [ '/media/sda7/IOT/my-nodes/node-red-contrib-canbus/.npm/node-red-contrib-canbus/0.0.1/package.tgz',
10 verbose tar pack   '/media/sda7/IOT/my-nodes/node-red-contrib-canbus' ]
11 verbose tarball /media/sda7/IOT/my-nodes/node-red-contrib-canbus/.npm/node-red-contrib-canbus/0.0.1/package.tgz
12 verbose folder /media/sda7/IOT/my-nodes/node-red-contrib-canbus
13 info prepublish node-red-contrib-canbus@0.0.1
14 verbose addLocalTarball adding from inside cache /media/sda7/IOT/my-nodes/node-red-contrib-canbus/.npm/node-red-contrib-canbus/0.0.1/package.tgz
15 silly cache afterAdd node-red-contrib-canbus@0.0.1
16 verbose afterAdd /media/sda7/IOT/my-nodes/node-red-contrib-canbus/.npm/node-red-contrib-canbus/0.0.1/package/package.json not in flight; writing
17 verbose afterAdd /media/sda7/IOT/my-nodes/node-red-contrib-canbus/.npm/node-red-contrib-canbus/0.0.1/package/package.json written
18 silly install resolved [ { name: 'node-red-contrib-canbus',
18 silly install resolved     version: '0.0.1',
18 silly install resolved     engines: { node: '=0.10.x' },
18 silly install resolved     description: 'A set of node-red nodes used for socketcan utilities',
18 silly install resolved     dependencies: { socketcan: '2.0.1' },
18 silly install resolved     author: { name: 'Rajesh Sola', email: 'rajeshsola@gmail.com' },
18 silly install resolved     license: 'Apache-2.0',
18 silly install resolved     repository:
18 silly install resolved      { type: 'git',
18 silly install resolved        url: 'git+https://github.com/rajeshsola/node-red-addons/node-red-contrib-canbus' },
18 silly install resolved     homepage: 'https://github.com/rajeshsola/node-red-addons/wiki',
18 silly install resolved     keywords: [ 'node-red', 'socketcan', 'canbus' ],
18 silly install resolved     'node-red': { nodes: [Object] },
18 silly install resolved     readme: 'ERROR: No README data found!',
18 silly install resolved     _id: 'node-red-contrib-canbus@0.0.1',
18 silly install resolved     scripts: {},
18 silly install resolved     _shasum: 'c04d5861e6cdf2681bd18ce3ece09a19281820c2',
18 silly install resolved     _from: '../my-nodes/node-red-contrib-canbus',
18 silly install resolved     _resolved: 'file:../my-nodes/node-red-contrib-canbus' } ]
19 info install node-red-contrib-canbus@0.0.1 into /media/sda7/IOT/nodejs-v0.12.7/lib
20 info installOne node-red-contrib-canbus@0.0.1
21 verbose installOne of node-red-contrib-canbus to /media/sda7/IOT/nodejs-v0.12.7/lib not in flight; installing
22 verbose lock using /media/sda7/IOT/my-nodes/node-red-contrib-canbus/.npm/_locks/node-red-contrib-canbus-8358bf0ccb3fc68b.lock for /media/sda7/IOT/nodejs-v0.12.7/lib/node_modules/node-red-contrib-canbus
23 warn engine node-red-contrib-canbus@0.0.1: wanted: {"node":"=0.10.x"} (current: {"node":"0.12.7","npm":"2.11.3"})
24 silly install write writing node-red-contrib-canbus 0.0.1 to /media/sda7/IOT/nodejs-v0.12.7/lib/node_modules/node-red-contrib-canbus
25 verbose unbuild lib/node_modules/node-red-contrib-canbus
26 info preuninstall node-red-contrib-canbus@0.0.1
27 info uninstall node-red-contrib-canbus@0.0.1
28 verbose unbuild rmStuff node-red-contrib-canbus@0.0.1 from /media/sda7/IOT/nodejs-v0.12.7/lib/node_modules
29 info postuninstall node-red-contrib-canbus@0.0.1
30 silly gentlyRm /media/sda7/IOT/nodejs-v0.12.7/lib/node_modules/node-red-contrib-canbus is being purged from base /media/sda7/IOT/nodejs-v0.12.7
31 verbose gentlyRm don't care about contents; nuking /media/sda7/IOT/nodejs-v0.12.7/lib/node_modules/node-red-contrib-canbus
32 silly vacuum-fs purging /media/sda7/IOT/nodejs-v0.12.7/lib/node_modules/node-red-contrib-canbus
33 silly vacuum-fs quitting because other entries in /media/sda7/IOT/nodejs-v0.12.7/lib/node_modules
34 verbose tar unpack /media/sda7/IOT/my-nodes/node-red-contrib-canbus/.npm/node-red-contrib-canbus/0.0.1/package.tgz
35 verbose tar unpacking to /media/sda7/IOT/nodejs-v0.12.7/lib/node_modules/node-red-contrib-canbus
36 silly gentlyRm /media/sda7/IOT/nodejs-v0.12.7/lib/node_modules/node-red-contrib-canbus is being purged
37 verbose gentlyRm don't care about contents; nuking /media/sda7/IOT/nodejs-v0.12.7/lib/node_modules/node-red-contrib-canbus
38 silly gunzTarPerm modes [ '755', '644' ]
39 silly gunzTarPerm extractEntry package.json
40 silly gunzTarPerm extractEntry LICENSE
41 silly gunzTarPerm extractEntry .npm/nan/1.8.4/package/package.json
42 silly gunzTarPerm extractEntry .npm/nan/1.8.4/package.tgz
43 silly gunzTarPerm extractEntry .npm/bindings/1.2.1/package/package.json
44 silly gunzTarPerm extractEntry .npm/bindings/1.2.1/package.tgz
45 silly gunzTarPerm extractEntry .npm/debug/2.2.0/package/package.json
46 silly gunzTarPerm extractEntry .npm/debug/2.2.0/package.tgz
47 silly gunzTarPerm extractEntry .npm/minimist/0.0.10/package/package.json
48 silly gunzTarPerm extractEntry .npm/minimist/0.0.10/package.tgz
49 silly gunzTarPerm extractEntry .npm/ms/0.7.1/package/package.json
50 silly gunzTarPerm extractEntry .npm/ms/0.7.1/package.tgz
51 silly gunzTarPerm extractEntry .npm/async/0.9.0/package/package.json
52 silly gunzTarPerm extractEntry .npm/async/0.9.0/package.tgz
53 silly gunzTarPerm extractEntry .npm/node-red-contrib-canbus/0.0.1/package/package.json
54 silly gunzTarPerm extractEntry .npm/node-red-contrib-canbus/0.0.1/package.tgz
55 silly gunzTarPerm extractEntry .npm/node-red-contrib-canbus/0.0.1/package.tgz.781ab8f43f0bc0a33f09a3a1f2d8f3dc
56 silly gunzTarPerm extractEntry .npm/optimist/0.6.1/package/package.json
57 silly gunzTarPerm extractEntry .npm/optimist/0.6.1/package.tgz
58 silly gunzTarPerm extractEntry .npm/registry.npmjs.org/async/.cache.json
59 silly gunzTarPerm extractEntry .npm/registry.npmjs.org/bindings/.cache.json
60 silly gunzTarPerm extractEntry .npm/registry.npmjs.org/debug/.cache.json
61 silly gunzTarPerm extractEntry .npm/registry.npmjs.org/minimist/.cache.json
62 silly gunzTarPerm extractEntry .npm/registry.npmjs.org/ms/.cache.json
63 silly gunzTarPerm extractEntry .npm/registry.npmjs.org/nan/.cache.json
64 silly gunzTarPerm extractEntry .npm/registry.npmjs.org/optimist/.cache.json
65 silly gunzTarPerm extractEntry .npm/registry.npmjs.org/serialport/.cache.json
66 silly gunzTarPerm extractEntry .npm/registry.npmjs.org/sf/.cache.json
67 silly gunzTarPerm extractEntry .npm/registry.npmjs.org/wordwrap/.cache.json
68 silly gunzTarPerm extractEntry .npm/serialport/1.7.4/package/package.json
69 silly gunzTarPerm extractEntry .npm/serialport/1.7.4/package.tgz
70 silly gunzTarPerm extractEntry .npm/sf/0.1.7/package/package.json
71 silly gunzTarPerm extractEntry .npm/sf/0.1.7/package.tgz
72 silly gunzTarPerm extractEntry .npm/wordwrap/0.0.3/package/package.json
73 silly gunzTarPerm extractEntry .npm/wordwrap/0.0.3/package.tgz
74 silly gunzTarPerm extractEntry canutils/candump.js
75 silly gunzTarPerm extractEntry canutils/cangen.js
76 silly gunzTarPerm extractEntry canutils/candump.html
77 silly gunzTarPerm extractEntry canutils/cangen.html
78 silly gunzTarPerm extractEntry config/canconfig.js
79 silly gunzTarPerm extractEntry config/canconfig.html
80 verbose write writing to /media/sda7/IOT/nodejs-v0.12.7/lib/node_modules/node-red-contrib-canbus/package.json
81 info preinstall node-red-contrib-canbus@0.0.1
82 verbose readDependencies loading dependencies from /media/sda7/IOT/nodejs-v0.12.7/lib/node_modules/node-red-contrib-canbus/package.json
83 silly prepareForInstallMany adding socketcan@2.0.1 from node-red-contrib-canbus dependencies
84 verbose readDependencies loading dependencies from /media/sda7/IOT/nodejs-v0.12.7/lib/node_modules/node-red-contrib-canbus/package.json
85 silly cache add args [ 'socketcan@2.0.1', null ]
86 verbose cache add spec socketcan@2.0.1
87 silly cache add parsed spec { raw: 'socketcan@2.0.1',
87 silly cache add   scope: null,
87 silly cache add   name: 'socketcan',
87 silly cache add   rawSpec: '2.0.1',
87 silly cache add   spec: '2.0.1',
87 silly cache add   type: 'version' }
88 silly addNamed socketcan@2.0.1
89 verbose addNamed "2.0.1" is a plain semver version for socketcan
90 silly mapToRegistry name socketcan
91 silly mapToRegistry using default registry
92 silly mapToRegistry registry https://registry.npmjs.org/
93 silly mapToRegistry uri https://registry.npmjs.org/socketcan
94 verbose addNameVersion registry:https://registry.npmjs.org/socketcan not in flight; fetching
95 verbose request uri https://registry.npmjs.org/socketcan
96 verbose request no auth needed
97 info attempt registry request try #1 at 9:33:15 PM
98 verbose request id 64a7f30c764de2d4
99 http request GET https://registry.npmjs.org/socketcan
100 http 200 https://registry.npmjs.org/socketcan
101 silly get cb [ 200,
101 silly get   { server: 'CouchDB/1.5.0 (Erlang OTP/R16B03)',
101 silly get     etag: '"1QM9LIZRSCKP9FZA6MRGPWTN2"',
101 silly get     'content-type': 'application/json',
101 silly get     'cache-control': 'max-age=60',
101 silly get     'content-length': '20012',
101 silly get     'accept-ranges': 'bytes',
101 silly get     date: 'Sun, 23 Aug 2015 16:06:55 GMT',
101 silly get     via: '1.1 varnish',
101 silly get     age: '0',
101 silly get     connection: 'keep-alive',
101 silly get     'x-served-by': 'cache-sin6922-SIN',
101 silly get     'x-cache': 'MISS',
101 silly get     'x-cache-hits': '0',
101 silly get     'x-timer': 'S1440346013.990998,VS0,VE1024',
101 silly get     vary: 'Accept' } ]
102 verbose get saving socketcan to /media/sda7/IOT/my-nodes/node-red-contrib-canbus/.npm/registry.npmjs.org/socketcan/.cache.json
103 silly mapToRegistry name socketcan
104 silly mapToRegistry using default registry
105 silly mapToRegistry registry https://registry.npmjs.org/
106 silly mapToRegistry uri https://registry.npmjs.org/socketcan
107 verbose addRemoteTarball https://registry.npmjs.org/socketcan/-/socketcan-2.0.1.tgz not in flight; adding
108 verbose addRemoteTarball [ 'https://registry.npmjs.org/socketcan/-/socketcan-2.0.1.tgz',
108 verbose addRemoteTarball   '2d2a578105b981bda0f1bbec87ab85d42380b215' ]
109 info retry fetch attempt 1 at 9:36:27 PM
110 info attempt registry request try #1 at 9:36:27 PM
111 http fetch GET https://registry.npmjs.org/socketcan/-/socketcan-2.0.1.tgz
112 http fetch 200 https://registry.npmjs.org/socketcan/-/socketcan-2.0.1.tgz
113 silly fetchAndShaCheck shasum 2d2a578105b981bda0f1bbec87ab85d42380b215
114 verbose addTmpTarball /tmp/npm-4976-fff6f87b/registry.npmjs.org/socketcan/-/socketcan-2.0.1.tgz not in flight; adding
115 verbose addTmpTarball already have metadata; skipping unpack for socketcan@2.0.1
116 silly cache afterAdd socketcan@2.0.1
117 verbose afterAdd /media/sda7/IOT/my-nodes/node-red-contrib-canbus/.npm/socketcan/2.0.1/package/package.json not in flight; writing
118 verbose afterAdd /media/sda7/IOT/my-nodes/node-red-contrib-canbus/.npm/socketcan/2.0.1/package/package.json written
119 silly install resolved [ { name: 'socketcan',
119 silly install resolved     author:
119 silly install resolved      { name: 'Sebastian Haas',
119 silly install resolved        email: 'sebastian@sebastianhaas.info' },
119 silly install resolved     description: 'A SocketCAN abstraction layer for NodeJS.',
119 silly install resolved     version: '2.0.1',
119 silly install resolved     repository: { type: 'git', url: 'git://github.com/sebi2k1/node-can.git' },
119 silly install resolved     scripts:
119 silly install resolved      { preinstall: 'node-gyp configure && node-gyp build',
119 silly install resolved        preuninstall: 'rm -rf build/*' },
119 silly install resolved     dependencies: { xml2js: '>=0.2.0' },
119 silly install resolved     main: 'socketcan.js',
119 silly install resolved     os: [ 'linux' ],
119 silly install resolved     gitHead: 'dd0ccc639abdbe5ec63b7b809a239fb9ea31e448',
119 silly install resolved     bugs: { url: 'https://github.com/sebi2k1/node-can/issues' },
119 silly install resolved     homepage: 'https://github.com/sebi2k1/node-can',
119 silly install resolved     _id: 'socketcan@2.0.1',
119 silly install resolved     _shasum: '2d2a578105b981bda0f1bbec87ab85d42380b215',
119 silly install resolved     _from: 'socketcan@2.0.1',
119 silly install resolved     _npmVersion: '1.4.28',
119 silly install resolved     _npmUser: { name: 'sebi2k1', email: 'sebastian@sebastianhaas.info' },
119 silly install resolved     maintainers: [ [Object], [Object] ],
119 silly install resolved     dist:
119 silly install resolved      { shasum: '2d2a578105b981bda0f1bbec87ab85d42380b215',
119 silly install resolved        tarball: 'http://registry.npmjs.org/socketcan/-/socketcan-2.0.1.tgz' },
119 silly install resolved     directories: {},
119 silly install resolved     _resolved: 'https://registry.npmjs.org/socketcan/-/socketcan-2.0.1.tgz' } ]
120 info install socketcan@2.0.1 into /media/sda7/IOT/nodejs-v0.12.7/lib/node_modules/node-red-contrib-canbus
121 info installOne socketcan@2.0.1
122 verbose installOne of socketcan to /media/sda7/IOT/nodejs-v0.12.7/lib/node_modules/node-red-contrib-canbus not in flight; installing
123 verbose lock using /media/sda7/IOT/my-nodes/node-red-contrib-canbus/.npm/_locks/socketcan-dd61973bb3c54a5d.lock for /media/sda7/IOT/nodejs-v0.12.7/lib/node_modules/node-red-contrib-canbus/node_modules/socketcan
124 silly install write writing socketcan 2.0.1 to /media/sda7/IOT/nodejs-v0.12.7/lib/node_modules/node-red-contrib-canbus/node_modules/socketcan
125 verbose unbuild lib/node_modules/node-red-contrib-canbus/node_modules/socketcan
126 silly gentlyRm /media/sda7/IOT/nodejs-v0.12.7/lib/node_modules/node-red-contrib-canbus/node_modules/socketcan is being purged from base /media/sda7/IOT/nodejs-v0.12.7
127 verbose gentlyRm don't care about contents; nuking /media/sda7/IOT/nodejs-v0.12.7/lib/node_modules/node-red-contrib-canbus/node_modules/socketcan
128 verbose tar unpack /media/sda7/IOT/my-nodes/node-red-contrib-canbus/.npm/socketcan/2.0.1/package.tgz
129 verbose tar unpacking to /media/sda7/IOT/nodejs-v0.12.7/lib/node_modules/node-red-contrib-canbus/node_modules/socketcan
130 silly gentlyRm /media/sda7/IOT/nodejs-v0.12.7/lib/node_modules/node-red-contrib-canbus/node_modules/socketcan is being purged
131 verbose gentlyRm don't care about contents; nuking /media/sda7/IOT/nodejs-v0.12.7/lib/node_modules/node-red-contrib-canbus/node_modules/socketcan
132 silly gunzTarPerm modes [ '755', '644' ]
133 silly gunzTarPerm extractEntry package.json
134 silly gunzTarPerm extractEntry .npmignore
135 silly gunzTarPerm extractEntry README.md
136 silly gunzTarPerm extractEntry parse_kcd.js
137 silly gunzTarPerm modified mode [ 'parse_kcd.js', 436, 420 ]
138 silly gunzTarPerm extractEntry socketcan.js
139 silly gunzTarPerm modified mode [ 'socketcan.js', 436, 420 ]
140 silly gunzTarPerm extractEntry binding.gyp
141 silly gunzTarPerm modified mode [ 'binding.gyp', 436, 420 ]
142 silly gunzTarPerm extractEntry build_docs.sh
143 silly gunzTarPerm modified mode [ 'build_docs.sh', 509, 493 ]
144 silly gunzTarPerm extractEntry docs/api.js
145 silly gunzTarPerm modified mode [ 'docs/api.js', 436, 420 ]
146 silly gunzTarPerm extractEntry docs/assets/css/external-small.png
147 silly gunzTarPerm modified mode [ 'docs/assets/css/external-small.png', 436, 420 ]
148 silly gunzTarPerm extractEntry docs/assets/css/logo.png
149 silly gunzTarPerm modified mode [ 'docs/assets/css/logo.png', 436, 420 ]
150 silly gunzTarPerm extractEntry docs/assets/css/main.css
151 silly gunzTarPerm modified mode [ 'docs/assets/css/main.css', 436, 420 ]
152 silly gunzTarPerm extractEntry docs/assets/favicon.png
153 silly gunzTarPerm modified mode [ 'docs/assets/favicon.png', 436, 420 ]
154 silly gunzTarPerm extractEntry docs/assets/img/spinner.gif
155 silly gunzTarPerm modified mode [ 'docs/assets/img/spinner.gif', 436, 420 ]
156 silly gunzTarPerm extractEntry docs/assets/index.html
157 silly gunzTarPerm modified mode [ 'docs/assets/index.html', 436, 420 ]
158 silly gunzTarPerm extractEntry docs/assets/js/api-filter.js
159 silly gunzTarPerm modified mode [ 'docs/assets/js/api-filter.js', 436, 420 ]
160 silly gunzTarPerm extractEntry docs/assets/js/api-list.js
161 silly gunzTarPerm modified mode [ 'docs/assets/js/api-list.js', 436, 420 ]
162 silly gunzTarPerm extractEntry docs/assets/js/api-search.js
163 silly gunzTarPerm modified mode [ 'docs/assets/js/api-search.js', 436, 420 ]
164 silly gunzTarPerm extractEntry docs/assets/js/apidocs.js
165 silly gunzTarPerm modified mode [ 'docs/assets/js/apidocs.js', 436, 420 ]
166 silly gunzTarPerm extractEntry docs/assets/js/yui-prettify.js
167 silly gunzTarPerm modified mode [ 'docs/assets/js/yui-prettify.js', 436, 420 ]
168 silly gunzTarPerm extractEntry docs/assets/vendor/prettify/prettify-min.js
169 silly gunzTarPerm modified mode [ 'docs/assets/vendor/prettify/prettify-min.js', 436, 420 ]
170 silly gunzTarPerm extractEntry docs/assets/vendor/prettify/CHANGES.html
171 silly gunzTarPerm modified mode [ 'docs/assets/vendor/prettify/CHANGES.html', 436, 420 ]
172 silly gunzTarPerm extractEntry docs/assets/vendor/prettify/COPYING
173 silly gunzTarPerm modified mode [ 'docs/assets/vendor/prettify/COPYING', 436, 420 ]
174 silly gunzTarPerm extractEntry docs/assets/vendor/prettify/README.html
175 silly gunzTarPerm modified mode [ 'docs/assets/vendor/prettify/README.html', 436, 420 ]
176 silly gunzTarPerm extractEntry docs/assets/vendor/prettify/prettify-min.css
177 silly gunzTarPerm modified mode [ 'docs/assets/vendor/prettify/prettify-min.css', 436, 420 ]
178 silly gunzTarPerm extractEntry docs/classes/DatabaseService.html
179 silly gunzTarPerm modified mode [ 'docs/classes/DatabaseService.html', 436, 420 ]
180 silly gunzTarPerm extractEntry docs/classes/Message.html
181 silly gunzTarPerm modified mode [ 'docs/classes/Message.html', 436, 420 ]
182 silly gunzTarPerm extractEntry docs/classes/RawChannel.html
183 silly gunzTarPerm modified mode [ 'docs/classes/RawChannel.html', 436, 420 ]
184 silly gunzTarPerm extractEntry docs/classes/Signal.html
185 silly gunzTarPerm modified mode [ 'docs/classes/Signal.html', 436, 420 ]
186 silly gunzTarPerm extractEntry docs/classes/exports.html
187 silly gunzTarPerm modified mode [ 'docs/classes/exports.html', 436, 420 ]
188 silly gunzTarPerm extractEntry docs/classes/index.html
189 silly gunzTarPerm modified mode [ 'docs/classes/index.html', 436, 420 ]
190 silly gunzTarPerm extractEntry docs/data.json
191 silly gunzTarPerm modified mode [ 'docs/data.json', 436, 420 ]
192 silly gunzTarPerm extractEntry docs/files/can.js.html
193 silly gunzTarPerm modified mode [ 'docs/files/can.js.html', 436, 420 ]
194 silly gunzTarPerm extractEntry docs/files/index.html
195 silly gunzTarPerm modified mode [ 'docs/files/index.html', 436, 420 ]
196 silly gunzTarPerm extractEntry docs/files/src_raw.h.html
197 silly gunzTarPerm modified mode [ 'docs/files/src_raw.h.html', 436, 420 ]
198 silly gunzTarPerm extractEntry docs/index.html
199 silly gunzTarPerm modified mode [ 'docs/index.html', 436, 420 ]
200 silly gunzTarPerm extractEntry docs/modules/CAN.html
201 silly gunzTarPerm modified mode [ 'docs/modules/CAN.html', 436, 420 ]
202 silly gunzTarPerm extractEntry docs/modules/Signals.html
203 silly gunzTarPerm modified mode [ 'docs/modules/Signals.html', 436, 420 ]
204 silly gunzTarPerm extractEntry docs/modules/index.html
205 silly gunzTarPerm modified mode [ 'docs/modules/index.html', 436, 420 ]
206 silly gunzTarPerm extractEntry samples/package.json
207 silly gunzTarPerm modified mode [ 'samples/package.json', 436, 420 ]
208 silly gunzTarPerm extractEntry samples/simulate_node.js
209 silly gunzTarPerm modified mode [ 'samples/simulate_node.js', 436, 420 ]
210 silly gunzTarPerm extractEntry samples/can_definition_sample.kcd
211 silly gunzTarPerm modified mode [ 'samples/can_definition_sample.kcd', 436, 420 ]
212 silly gunzTarPerm extractEntry src/raw.cc
213 silly gunzTarPerm modified mode [ 'src/raw.cc', 436, 420 ]
214 silly gunzTarPerm extractEntry src/raw.h
215 silly gunzTarPerm modified mode [ 'src/raw.h', 436, 420 ]
216 silly gunzTarPerm extractEntry src/signals.cc
217 silly gunzTarPerm modified mode [ 'src/signals.cc', 436, 420 ]
218 silly gunzTarPerm extractEntry tests/test-raw_basic.js
219 silly gunzTarPerm modified mode [ 'tests/test-raw_basic.js', 436, 420 ]
220 silly gunzTarPerm extractEntry tests/test-signal_conversion.js
221 silly gunzTarPerm modified mode [ 'tests/test-signal_conversion.js', 436, 420 ]
222 silly gunzTarPerm extractEntry tests/test-signal_generation.js
223 silly gunzTarPerm modified mode [ 'tests/test-signal_generation.js', 436, 420 ]
224 silly gunzTarPerm extractEntry tests/samples.kcd
225 silly gunzTarPerm modified mode [ 'tests/samples.kcd', 436, 420 ]
226 verbose write writing to /media/sda7/IOT/nodejs-v0.12.7/lib/node_modules/node-red-contrib-canbus/node_modules/socketcan/package.json
227 info preinstall socketcan@2.0.1
228 verbose unsafe-perm in lifecycle true
229 info socketcan@2.0.1 Failed to exec preinstall script
230 verbose unlock done using /media/sda7/IOT/my-nodes/node-red-contrib-canbus/.npm/_locks/socketcan-dd61973bb3c54a5d.lock for /media/sda7/IOT/nodejs-v0.12.7/lib/node_modules/node-red-contrib-canbus/node_modules/socketcan
231 verbose about to build /media/sda7/IOT/nodejs-v0.12.7/lib/node_modules/node-red-contrib-canbus
232 verbose unlock done using /media/sda7/IOT/my-nodes/node-red-contrib-canbus/.npm/_locks/node-red-contrib-canbus-8358bf0ccb3fc68b.lock for /media/sda7/IOT/nodejs-v0.12.7/lib/node_modules/node-red-contrib-canbus
233 verbose stack Error: socketcan@2.0.1 preinstall: `node-gyp configure && node-gyp build`
233 verbose stack Exit status 1
233 verbose stack     at EventEmitter.<anonymous> (/media/sda7/IOT/nodejs-v0.12.7/lib/node_modules/npm/lib/utils/lifecycle.js:213:16)
233 verbose stack     at EventEmitter.emit (events.js:110:17)
233 verbose stack     at ChildProcess.<anonymous> (/media/sda7/IOT/nodejs-v0.12.7/lib/node_modules/npm/lib/utils/spawn.js:24:14)
233 verbose stack     at ChildProcess.emit (events.js:110:17)
233 verbose stack     at maybeClose (child_process.js:1015:16)
233 verbose stack     at Process.ChildProcess._handle.onexit (child_process.js:1087:5)
234 verbose pkgid socketcan@2.0.1
235 verbose cwd /media/sda7/IOT/my-nodes/node-red-contrib-canbus
236 error Linux 2.6.34-12-desktop
237 error argv "/media/sda7/IOT/nodejs-v0.12.7/bin/node" "/media/sda7/IOT/nodejs-v0.12.7/bin/npm" "install" "-g"
238 error node v0.12.7
239 error npm  v2.11.3
240 error code ELIFECYCLE
241 error socketcan@2.0.1 preinstall: `node-gyp configure && node-gyp build`
241 error Exit status 1
242 error Failed at the socketcan@2.0.1 preinstall script 'node-gyp configure && node-gyp build'.
242 error This is most likely a problem with the socketcan package,
242 error not with npm itself.
242 error Tell the author that this fails on your system:
242 error     node-gyp configure && node-gyp build
242 error You can get their info via:
242 error     npm owner ls socketcan
242 error There is likely additional logging output above.
243 verbose exit [ 1, true ]
244 verbose unbuild lib/node_modules/node-red-contrib-canbus/node_modules/socketcan
245 info preuninstall socketcan@2.0.1
246 verbose unsafe-perm in lifecycle true
247 info uninstall socketcan@2.0.1
248 verbose unbuild rmStuff socketcan@2.0.1 from /media/sda7/IOT/nodejs-v0.12.7/lib/node_modules
249 verbose unbuild rmStuff in /media/sda7/IOT/nodejs-v0.12.7/lib/node_modules/node-red-contrib-canbus/node_modules
250 info postuninstall socketcan@2.0.1
251 silly gentlyRm /media/sda7/IOT/nodejs-v0.12.7/lib/node_modules/node-red-contrib-canbus/node_modules/socketcan is being purged from base /media/sda7/IOT/nodejs-v0.12.7
252 verbose gentlyRm don't care about contents; nuking /media/sda7/IOT/nodejs-v0.12.7/lib/node_modules/node-red-contrib-canbus/node_modules/socketcan
253 silly vacuum-fs purging /media/sda7/IOT/nodejs-v0.12.7/lib/node_modules/node-red-contrib-canbus/node_modules/socketcan
254 silly vacuum-fs removing /media/sda7/IOT/nodejs-v0.12.7/lib/node_modules/node-red-contrib-canbus/node_modules
255 silly vacuum-fs quitting because other entries in /media/sda7/IOT/nodejs-v0.12.7/lib/node_modules/node-red-contrib-canbus
256 verbose unbuild lib/node_modules/node-red-contrib-canbus
257 info preuninstall node-red-contrib-canbus@0.0.1
258 info uninstall node-red-contrib-canbus@0.0.1
259 verbose unbuild rmStuff node-red-contrib-canbus@0.0.1 from /media/sda7/IOT/nodejs-v0.12.7/lib/node_modules
260 info postuninstall node-red-contrib-canbus@0.0.1
261 silly gentlyRm /media/sda7/IOT/nodejs-v0.12.7/lib/node_modules/node-red-contrib-canbus is being purged from base /media/sda7/IOT/nodejs-v0.12.7
262 verbose gentlyRm don't care about contents; nuking /media/sda7/IOT/nodejs-v0.12.7/lib/node_modules/node-red-contrib-canbus
263 silly vacuum-fs purging /media/sda7/IOT/nodejs-v0.12.7/lib/node_modules/node-red-contrib-canbus
264 silly vacuum-fs quitting because other entries in /media/sda7/IOT/nodejs-v0.12.7/lib/node_modules
